<?xml version="1.0" encoding="UTF-8"?>
<robot generator="Robot 7.3.2 (Python 3.14.0 on win32)" generated="2025-10-22T23:05:10.042713" rpa="false" schemaversion="5">
<suite id="s1" name="User Authentication" source="D:\projects\testing-assignment-2\test_cases\user_authentication.robot">
<kw name="Generate Random Username" owner="common_keywords" type="SETUP">
<kw name="Get Time" owner="BuiltIn">
<msg time="2025-10-22T23:05:10.193437" level="INFO">${timestamp} = 1761156310</msg>
<var>${timestamp}</var>
<arg>epoch</arg>
<doc>Returns the given time in the requested format.</doc>
<status status="PASS" start="2025-10-22T23:05:10.193247" elapsed="0.000220"/>
</kw>
<kw name="Set Variable" owner="BuiltIn">
<msg time="2025-10-22T23:05:10.193696" level="INFO">${random_user} = user1761156310</msg>
<var>${random_user}</var>
<arg>user${timestamp}</arg>
<doc>Returns the given values which can then be assigned to a variables.</doc>
<status status="PASS" start="2025-10-22T23:05:10.193571" elapsed="0.000145"/>
</kw>
<kw name="Set Suite Variable" owner="BuiltIn">
<msg time="2025-10-22T23:05:10.194236" level="INFO">${SHARED_USERNAME} = user1761156310</msg>
<arg>${SHARED_USERNAME}</arg>
<arg>${random_user}</arg>
<doc>Makes a variable available everywhere within the scope of the current suite.</doc>
<status status="PASS" start="2025-10-22T23:05:10.193796" elapsed="0.000476"/>
</kw>
<status status="PASS" start="2025-10-22T23:05:10.192788" elapsed="0.001542"/>
</kw>
<test id="s1-t1" name="TC01 - Successful Sign Up With New User" line="26">
<kw name="Open DemoBlaze Website" type="SETUP">
<kw name="Open Browser" owner="SeleniumLibrary">
<msg time="2025-10-22T23:05:10.195050" level="INFO">Opening browser 'Chrome' to base url 'https://www.demoblaze.com/'.</msg>
<arg>${URL}</arg>
<arg>${BROWSER}</arg>
<doc>Opens a new browser instance to the optional ``url``.</doc>
<status status="PASS" start="2025-10-22T23:05:10.194901" elapsed="2.600257"/>
</kw>
<kw name="Maximize Browser Window" owner="SeleniumLibrary">
<doc>Maximizes current browser window.</doc>
<status status="PASS" start="2025-10-22T23:05:12.795295" elapsed="0.038052"/>
</kw>
<kw name="Wait Until Element Is Visible" owner="SeleniumLibrary">
<arg>${SIGNUP_BTN}</arg>
<arg>1s</arg>
<doc>Waits until the element ``locator`` is visible.</doc>
<status status="PASS" start="2025-10-22T23:05:12.833485" elapsed="0.019753"/>
</kw>
<status status="PASS" start="2025-10-22T23:05:10.194726" elapsed="2.658603"/>
</kw>
<kw name="Click Sign Up Button">
<kw name="Wait Until Element Is Visible" owner="SeleniumLibrary">
<arg>${SIGNUP_BTN}</arg>
<arg>1s</arg>
<doc>Waits until the element ``locator`` is visible.</doc>
<status status="PASS" start="2025-10-22T23:05:12.853869" elapsed="0.008461"/>
</kw>
<kw name="Click Element" owner="SeleniumLibrary">
<msg time="2025-10-22T23:05:12.862634" level="INFO">Clicking element 'id:signin2'.</msg>
<arg>${SIGNUP_BTN}</arg>
<doc>Click the element identified by ``locator``.</doc>
<status status="PASS" start="2025-10-22T23:05:12.862466" elapsed="0.040476"/>
</kw>
<kw name="Wait Until Element Is Visible" owner="SeleniumLibrary">
<arg>${SIGNUP_USERNAME}</arg>
<arg>1s</arg>
<doc>Waits until the element ``locator`` is visible.</doc>
<status status="PASS" start="2025-10-22T23:05:12.903073" elapsed="0.218714"/>
</kw>
<status status="PASS" start="2025-10-22T23:05:12.853658" elapsed="0.268215"/>
</kw>
<kw name="Enter Sign Up Credentials">
<kw name="Wait Until Element Is Visible" owner="SeleniumLibrary">
<arg>${SIGNUP_USERNAME}</arg>
<arg>1s</arg>
<doc>Waits until the element ``locator`` is visible.</doc>
<status status="PASS" start="2025-10-22T23:05:13.122423" elapsed="0.007218"/>
</kw>
<kw name="Input Text" owner="SeleniumLibrary">
<msg time="2025-10-22T23:05:13.129973" level="INFO">Typing text 'user1761156310' into text field 'id:sign-username'.</msg>
<arg>${SIGNUP_USERNAME}</arg>
<arg>${username}</arg>
<doc>Types the given ``text`` into the text field identified by ``locator``.</doc>
<status status="PASS" start="2025-10-22T23:05:13.129777" elapsed="0.071835"/>
</kw>
<kw name="Input Text" owner="SeleniumLibrary">
<msg time="2025-10-22T23:05:13.202002" level="INFO">Typing text 'TestPass123' into text field 'id:sign-password'.</msg>
<arg>${SIGNUP_PASSWORD}</arg>
<arg>${password}</arg>
<doc>Types the given ``text`` into the text field identified by ``locator``.</doc>
<status status="PASS" start="2025-10-22T23:05:13.201769" elapsed="0.063550"/>
</kw>
<arg>${SHARED_USERNAME}</arg>
<arg>TestPass123</arg>
<status status="PASS" start="2025-10-22T23:05:13.122144" elapsed="0.143260"/>
</kw>
<kw name="Submit Sign Up Form">
<kw name="Click Element" owner="SeleniumLibrary">
<msg time="2025-10-22T23:05:13.265962" level="INFO">Clicking element 'xpath://button[contains(text(),'Sign up')]'.</msg>
<arg>${SIGNUP_SUBMIT}</arg>
<doc>Click the element identified by ``locator``.</doc>
<status status="PASS" start="2025-10-22T23:05:13.265817" elapsed="0.034966"/>
</kw>
<kw name="Sleep" owner="BuiltIn">
<msg time="2025-10-22T23:05:14.301398" level="INFO">Slept 1 second.</msg>
<arg>1s</arg>
<doc>Pauses the test executed for the given time.</doc>
<status status="PASS" start="2025-10-22T23:05:13.300911" elapsed="1.000795"/>
</kw>
<status status="PASS" start="2025-10-22T23:05:13.265631" elapsed="1.036360"/>
</kw>
<kw name="Verify Sign Up Success">
<kw name="Alert Should Be Present" owner="SeleniumLibrary">
<msg time="2025-10-22T23:05:14.304844" level="INFO">HANDLE::&lt;class 'datetime.timedelta'&gt;::0:00:01</msg>
<arg>Sign up successful.</arg>
<arg>timeout=1s</arg>
<doc>Verifies that an alert is present and by default, accepts it.</doc>
<status status="PASS" start="2025-10-22T23:05:14.304150" elapsed="0.007450"/>
</kw>
<status status="PASS" start="2025-10-22T23:05:14.303059" elapsed="0.008677"/>
</kw>
<kw name="Close Browser" owner="SeleniumLibrary" type="TEARDOWN">
<doc>Closes the current browser.</doc>
<status status="PASS" start="2025-10-22T23:05:14.312160" elapsed="2.073140"/>
</kw>
<doc>Verify that a new user can successfully sign up</doc>
<tag>positive</tag>
<tag>signup</tag>
<status status="PASS" start="2025-10-22T23:05:10.194378" elapsed="6.191283"/>
</test>
<test id="s1-t2" name="TC02 - Sign Up With Existing Username" line="34">
<kw name="Open DemoBlaze Website" type="SETUP">
<kw name="Open Browser" owner="SeleniumLibrary">
<msg time="2025-10-22T23:05:16.388038" level="INFO">Opening browser 'Chrome' to base url 'https://www.demoblaze.com/'.</msg>
<arg>${URL}</arg>
<arg>${BROWSER}</arg>
<doc>Opens a new browser instance to the optional ``url``.</doc>
<status status="PASS" start="2025-10-22T23:05:16.387765" elapsed="2.484293"/>
</kw>
<kw name="Maximize Browser Window" owner="SeleniumLibrary">
<doc>Maximizes current browser window.</doc>
<status status="PASS" start="2025-10-22T23:05:18.872246" elapsed="0.028814"/>
</kw>
<kw name="Wait Until Element Is Visible" owner="SeleniumLibrary">
<arg>${SIGNUP_BTN}</arg>
<arg>1s</arg>
<doc>Waits until the element ``locator`` is visible.</doc>
<status status="PASS" start="2025-10-22T23:05:18.901215" elapsed="0.014682"/>
</kw>
<status status="PASS" start="2025-10-22T23:05:16.387388" elapsed="2.528597"/>
</kw>
<kw name="Click Sign Up Button">
<kw name="Wait Until Element Is Visible" owner="SeleniumLibrary">
<arg>${SIGNUP_BTN}</arg>
<arg>1s</arg>
<doc>Waits until the element ``locator`` is visible.</doc>
<status status="PASS" start="2025-10-22T23:05:18.916439" elapsed="0.007700"/>
</kw>
<kw name="Click Element" owner="SeleniumLibrary">
<msg time="2025-10-22T23:05:18.924447" level="INFO">Clicking element 'id:signin2'.</msg>
<arg>${SIGNUP_BTN}</arg>
<doc>Click the element identified by ``locator``.</doc>
<status status="PASS" start="2025-10-22T23:05:18.924278" elapsed="0.063332"/>
</kw>
<kw name="Wait Until Element Is Visible" owner="SeleniumLibrary">
<arg>${SIGNUP_USERNAME}</arg>
<arg>1s</arg>
<doc>Waits until the element ``locator`` is visible.</doc>
<status status="PASS" start="2025-10-22T23:05:18.987818" elapsed="0.220394"/>
</kw>
<status status="PASS" start="2025-10-22T23:05:18.916244" elapsed="0.292077"/>
</kw>
<kw name="Enter Sign Up Credentials">
<kw name="Wait Until Element Is Visible" owner="SeleniumLibrary">
<arg>${SIGNUP_USERNAME}</arg>
<arg>1s</arg>
<doc>Waits until the element ``locator`` is visible.</doc>
<status status="PASS" start="2025-10-22T23:05:19.208825" elapsed="0.007678"/>
</kw>
<kw name="Input Text" owner="SeleniumLibrary">
<msg time="2025-10-22T23:05:19.216854" level="INFO">Typing text 'user1761156310' into text field 'id:sign-username'.</msg>
<arg>${SIGNUP_USERNAME}</arg>
<arg>${username}</arg>
<doc>Types the given ``text`` into the text field identified by ``locator``.</doc>
<status status="PASS" start="2025-10-22T23:05:19.216644" elapsed="0.080118"/>
</kw>
<kw name="Input Text" owner="SeleniumLibrary">
<msg time="2025-10-22T23:05:19.297195" level="INFO">Typing text 'TestPass123' into text field 'id:sign-password'.</msg>
<arg>${SIGNUP_PASSWORD}</arg>
<arg>${password}</arg>
<doc>Types the given ``text`` into the text field identified by ``locator``.</doc>
<status status="PASS" start="2025-10-22T23:05:19.296962" elapsed="0.044241"/>
</kw>
<arg>${SHARED_USERNAME}</arg>
<arg>TestPass123</arg>
<status status="PASS" start="2025-10-22T23:05:19.208581" elapsed="0.132706"/>
</kw>
<kw name="Submit Sign Up Form">
<kw name="Click Element" owner="SeleniumLibrary">
<msg time="2025-10-22T23:05:19.341813" level="INFO">Clicking element 'xpath://button[contains(text(),'Sign up')]'.</msg>
<arg>${SIGNUP_SUBMIT}</arg>
<doc>Click the element identified by ``locator``.</doc>
<status status="PASS" start="2025-10-22T23:05:19.341674" elapsed="0.035523"/>
</kw>
<kw name="Sleep" owner="BuiltIn">
<msg time="2025-10-22T23:05:20.377600" level="INFO">Slept 1 second.</msg>
<arg>1s</arg>
<doc>Pauses the test executed for the given time.</doc>
<status status="PASS" start="2025-10-22T23:05:19.377320" elapsed="1.000574"/>
</kw>
<status status="PASS" start="2025-10-22T23:05:19.341495" elapsed="1.037206"/>
</kw>
<kw name="Verify Sign Up Error Message">
<kw name="Alert Should Be Present" owner="SeleniumLibrary">
<msg time="2025-10-22T23:05:20.380924" level="INFO">HANDLE::&lt;class 'datetime.timedelta'&gt;::0:00:01</msg>
<arg>This user already exist.</arg>
<arg>timeout=1s</arg>
<doc>Verifies that an alert is present and by default, accepts it.</doc>
<status status="PASS" start="2025-10-22T23:05:20.380391" elapsed="0.008068"/>
</kw>
<status status="PASS" start="2025-10-22T23:05:20.379747" elapsed="0.008953"/>
</kw>
<kw name="Close Browser" owner="SeleniumLibrary" type="TEARDOWN">
<doc>Closes the current browser.</doc>
<status status="PASS" start="2025-10-22T23:05:20.390346" elapsed="2.080008"/>
</kw>
<doc>Verify that signing up with existing username shows error</doc>
<tag>negative</tag>
<tag>signup</tag>
<status status="PASS" start="2025-10-22T23:05:16.386637" elapsed="6.084342"/>
</test>
<test id="s1-t3" name="TC03 - Successful Login With Valid Credentials" line="42">
<kw name="Open DemoBlaze Website" type="SETUP">
<kw name="Open Browser" owner="SeleniumLibrary">
<msg time="2025-10-22T23:05:22.474107" level="INFO">Opening browser 'Chrome' to base url 'https://www.demoblaze.com/'.</msg>
<arg>${URL}</arg>
<arg>${BROWSER}</arg>
<doc>Opens a new browser instance to the optional ``url``.</doc>
<status status="PASS" start="2025-10-22T23:05:22.473703" elapsed="2.281172"/>
</kw>
<kw name="Maximize Browser Window" owner="SeleniumLibrary">
<doc>Maximizes current browser window.</doc>
<status status="PASS" start="2025-10-22T23:05:24.755013" elapsed="0.033931"/>
</kw>
<kw name="Wait Until Element Is Visible" owner="SeleniumLibrary">
<arg>${SIGNUP_BTN}</arg>
<arg>1s</arg>
<doc>Waits until the element ``locator`` is visible.</doc>
<status status="PASS" start="2025-10-22T23:05:24.789093" elapsed="0.012441"/>
</kw>
<status status="PASS" start="2025-10-22T23:05:22.473183" elapsed="2.328433"/>
</kw>
<kw name="Click Login Button">
<kw name="Wait Until Element Is Visible" owner="SeleniumLibrary">
<arg>${LOGIN_BTN}</arg>
<arg>1s</arg>
<doc>Waits until the element ``locator`` is visible.</doc>
<status status="PASS" start="2025-10-22T23:05:24.802067" elapsed="0.009284"/>
</kw>
<kw name="Click Element" owner="SeleniumLibrary">
<msg time="2025-10-22T23:05:24.811649" level="INFO">Clicking element 'id:login2'.</msg>
<arg>${LOGIN_BTN}</arg>
<doc>Click the element identified by ``locator``.</doc>
<status status="PASS" start="2025-10-22T23:05:24.811485" elapsed="0.037829"/>
</kw>
<kw name="Wait Until Element Is Visible" owner="SeleniumLibrary">
<arg>${LOGIN_USERNAME}</arg>
<arg>1s</arg>
<doc>Waits until the element ``locator`` is visible.</doc>
<status status="PASS" start="2025-10-22T23:05:24.849453" elapsed="0.233995"/>
</kw>
<status status="PASS" start="2025-10-22T23:05:24.801866" elapsed="0.281667"/>
</kw>
<kw name="Enter Login Credentials">
<kw name="Wait Until Element Is Visible" owner="SeleniumLibrary">
<arg>${LOGIN_USERNAME}</arg>
<arg>1s</arg>
<doc>Waits until the element ``locator`` is visible.</doc>
<status status="PASS" start="2025-10-22T23:05:25.084002" elapsed="0.007538"/>
</kw>
<kw name="Input Text" owner="SeleniumLibrary">
<msg time="2025-10-22T23:05:25.092433" level="INFO">Typing text 'user1761156310' into text field 'id:loginusername'.</msg>
<arg>${LOGIN_USERNAME}</arg>
<arg>${username}</arg>
<doc>Types the given ``text`` into the text field identified by ``locator``.</doc>
<status status="PASS" start="2025-10-22T23:05:25.092124" elapsed="0.069382"/>
</kw>
<kw name="Input Text" owner="SeleniumLibrary">
<msg time="2025-10-22T23:05:25.161987" level="INFO">Typing text 'TestPass123' into text field 'id:loginpassword'.</msg>
<arg>${LOGIN_PASSWORD}</arg>
<arg>${password}</arg>
<doc>Types the given ``text`` into the text field identified by ``locator``.</doc>
<status status="PASS" start="2025-10-22T23:05:25.161715" elapsed="0.051197"/>
</kw>
<arg>${SHARED_USERNAME}</arg>
<arg>TestPass123</arg>
<status status="PASS" start="2025-10-22T23:05:25.083774" elapsed="0.129270"/>
</kw>
<kw name="Submit Login Form">
<kw name="Click Element" owner="SeleniumLibrary">
<msg time="2025-10-22T23:05:25.213802" level="INFO">Clicking element 'xpath://button[contains(text(),'Log in')]'.</msg>
<arg>${LOGIN_SUBMIT}</arg>
<doc>Click the element identified by ``locator``.</doc>
<status status="PASS" start="2025-10-22T23:05:25.213632" elapsed="0.063674"/>
</kw>
<kw name="Sleep" owner="BuiltIn">
<msg time="2025-10-22T23:05:26.278271" level="INFO">Slept 1 second.</msg>
<arg>1s</arg>
<doc>Pauses the test executed for the given time.</doc>
<status status="PASS" start="2025-10-22T23:05:25.277475" elapsed="1.001013"/>
</kw>
<status status="PASS" start="2025-10-22T23:05:25.213359" elapsed="1.065343"/>
</kw>
<kw name="Verify Login Success">
<kw name="Wait Until Element Is Visible" owner="SeleniumLibrary">
<arg>${WELCOME_USER}</arg>
<arg>5s</arg>
<doc>Waits until the element ``locator`` is visible.</doc>
<status status="PASS" start="2025-10-22T23:05:26.280146" elapsed="0.460390"/>
</kw>
<kw name="Get Text" owner="SeleniumLibrary">
<msg time="2025-10-22T23:05:26.750107" level="INFO">${welcome_text} = Welcome user1761156310</msg>
<var>${welcome_text}</var>
<arg>${WELCOME_USER}</arg>
<doc>Returns the text value of the element identified by ``locator``.</doc>
<status status="PASS" start="2025-10-22T23:05:26.740661" elapsed="0.009476"/>
</kw>
<kw name="Should Contain" owner="BuiltIn">
<arg>${welcome_text}</arg>
<arg>Welcome ${username}</arg>
<doc>Fails if ``container`` does not contain ``item`` one or more times.</doc>
<status status="PASS" start="2025-10-22T23:05:26.750234" elapsed="0.000129"/>
</kw>
<arg>${SHARED_USERNAME}</arg>
<status status="PASS" start="2025-10-22T23:05:26.279491" elapsed="0.470924"/>
</kw>
<kw name="Close Browser" owner="SeleniumLibrary" type="TEARDOWN">
<doc>Closes the current browser.</doc>
<status status="PASS" start="2025-10-22T23:05:26.750644" elapsed="2.082155"/>
</kw>
<doc>Verify that user can login with valid credentials</doc>
<tag>login</tag>
<tag>positive</tag>
<status status="PASS" start="2025-10-22T23:05:22.472222" elapsed="6.361154"/>
</test>
<test id="s1-t4" name="TC04 - Successful Logout" line="50">
<kw name="Open DemoBlaze Website" type="SETUP">
<kw name="Open Browser" owner="SeleniumLibrary">
<msg time="2025-10-22T23:05:28.836484" level="INFO">Opening browser 'Chrome' to base url 'https://www.demoblaze.com/'.</msg>
<arg>${URL}</arg>
<arg>${BROWSER}</arg>
<doc>Opens a new browser instance to the optional ``url``.</doc>
<status status="PASS" start="2025-10-22T23:05:28.836107" elapsed="2.538769"/>
</kw>
<kw name="Maximize Browser Window" owner="SeleniumLibrary">
<doc>Maximizes current browser window.</doc>
<status status="PASS" start="2025-10-22T23:05:31.375100" elapsed="0.019744"/>
</kw>
<kw name="Wait Until Element Is Visible" owner="SeleniumLibrary">
<arg>${SIGNUP_BTN}</arg>
<arg>1s</arg>
<doc>Waits until the element ``locator`` is visible.</doc>
<status status="PASS" start="2025-10-22T23:05:31.394974" elapsed="0.016202"/>
</kw>
<status status="PASS" start="2025-10-22T23:05:28.835660" elapsed="2.575642"/>
</kw>
<kw name="Perform Login">
<kw name="Click Login Button">
<kw name="Wait Until Element Is Visible" owner="SeleniumLibrary">
<arg>${LOGIN_BTN}</arg>
<arg>1s</arg>
<doc>Waits until the element ``locator`` is visible.</doc>
<status status="PASS" start="2025-10-22T23:05:31.412192" elapsed="0.010293"/>
</kw>
<kw name="Click Element" owner="SeleniumLibrary">
<msg time="2025-10-22T23:05:31.422933" level="INFO">Clicking element 'id:login2'.</msg>
<arg>${LOGIN_BTN}</arg>
<doc>Click the element identified by ``locator``.</doc>
<status status="PASS" start="2025-10-22T23:05:31.422681" elapsed="0.056186"/>
</kw>
<kw name="Wait Until Element Is Visible" owner="SeleniumLibrary">
<arg>${LOGIN_USERNAME}</arg>
<arg>1s</arg>
<doc>Waits until the element ``locator`` is visible.</doc>
<status status="PASS" start="2025-10-22T23:05:31.479006" elapsed="0.219482"/>
</kw>
<status status="PASS" start="2025-10-22T23:05:31.411992" elapsed="0.286581"/>
</kw>
<kw name="Enter Login Credentials">
<kw name="Wait Until Element Is Visible" owner="SeleniumLibrary">
<arg>${LOGIN_USERNAME}</arg>
<arg>1s</arg>
<doc>Waits until the element ``locator`` is visible.</doc>
<status status="PASS" start="2025-10-22T23:05:31.698916" elapsed="0.007100"/>
</kw>
<kw name="Input Text" owner="SeleniumLibrary">
<msg time="2025-10-22T23:05:31.706322" level="INFO">Typing text 'user1761156310' into text field 'id:loginusername'.</msg>
<arg>${LOGIN_USERNAME}</arg>
<arg>${username}</arg>
<doc>Types the given ``text`` into the text field identified by ``locator``.</doc>
<status status="PASS" start="2025-10-22T23:05:31.706144" elapsed="0.072665"/>
</kw>
<kw name="Input Text" owner="SeleniumLibrary">
<msg time="2025-10-22T23:05:31.779312" level="INFO">Typing text 'TestPass123' into text field 'id:loginpassword'.</msg>
<arg>${LOGIN_PASSWORD}</arg>
<arg>${password}</arg>
<doc>Types the given ``text`` into the text field identified by ``locator``.</doc>
<status status="PASS" start="2025-10-22T23:05:31.779026" elapsed="0.065600"/>
</kw>
<arg>${username}</arg>
<arg>${password}</arg>
<status status="PASS" start="2025-10-22T23:05:31.698691" elapsed="0.146023"/>
</kw>
<kw name="Submit Login Form">
<kw name="Click Element" owner="SeleniumLibrary">
<msg time="2025-10-22T23:05:31.845205" level="INFO">Clicking element 'xpath://button[contains(text(),'Log in')]'.</msg>
<arg>${LOGIN_SUBMIT}</arg>
<doc>Click the element identified by ``locator``.</doc>
<status status="PASS" start="2025-10-22T23:05:31.845053" elapsed="0.036292"/>
</kw>
<kw name="Sleep" owner="BuiltIn">
<msg time="2025-10-22T23:05:32.882341" level="INFO">Slept 1 second.</msg>
<arg>1s</arg>
<doc>Pauses the test executed for the given time.</doc>
<status status="PASS" start="2025-10-22T23:05:31.881626" elapsed="1.000940"/>
</kw>
<status status="PASS" start="2025-10-22T23:05:31.844831" elapsed="1.037937"/>
</kw>
<kw name="Verify Login Success">
<kw name="Wait Until Element Is Visible" owner="SeleniumLibrary">
<arg>${WELCOME_USER}</arg>
<arg>5s</arg>
<doc>Waits until the element ``locator`` is visible.</doc>
<status status="PASS" start="2025-10-22T23:05:32.883675" elapsed="0.447196"/>
</kw>
<kw name="Get Text" owner="SeleniumLibrary">
<msg time="2025-10-22T23:05:33.342231" level="INFO">${welcome_text} = Welcome user1761156310</msg>
<var>${welcome_text}</var>
<arg>${WELCOME_USER}</arg>
<doc>Returns the text value of the element identified by ``locator``.</doc>
<status status="PASS" start="2025-10-22T23:05:33.331088" elapsed="0.011175"/>
</kw>
<kw name="Should Contain" owner="BuiltIn">
<arg>${welcome_text}</arg>
<arg>Welcome ${username}</arg>
<doc>Fails if ``container`` does not contain ``item`` one or more times.</doc>
<status status="PASS" start="2025-10-22T23:05:33.342368" elapsed="0.000135"/>
</kw>
<arg>${username}</arg>
<status status="PASS" start="2025-10-22T23:05:32.883083" elapsed="0.459471"/>
</kw>
<arg>${SHARED_USERNAME}</arg>
<arg>TestPass123</arg>
<status status="PASS" start="2025-10-22T23:05:31.411626" elapsed="1.930962"/>
</kw>
<kw name="Click Logout Button">
<kw name="Wait Until Element Is Visible" owner="SeleniumLibrary">
<arg>${LOGOUT_BTN}</arg>
<arg>1s</arg>
<doc>Waits until the element ``locator`` is visible.</doc>
<status status="PASS" start="2025-10-22T23:05:33.342928" elapsed="0.008136"/>
</kw>
<kw name="Click Element" owner="SeleniumLibrary">
<msg time="2025-10-22T23:05:33.351317" level="INFO">Clicking element 'id:logout2'.</msg>
<arg>${LOGOUT_BTN}</arg>
<doc>Click the element identified by ``locator``.</doc>
<status status="PASS" start="2025-10-22T23:05:33.351173" elapsed="0.319179"/>
</kw>
<kw name="Sleep" owner="BuiltIn">
<msg time="2025-10-22T23:05:34.670843" level="INFO">Slept 1 second.</msg>
<arg>1s</arg>
<doc>Pauses the test executed for the given time.</doc>
<status status="PASS" start="2025-10-22T23:05:33.670485" elapsed="1.000519"/>
</kw>
<status status="PASS" start="2025-10-22T23:05:33.342772" elapsed="1.328371"/>
</kw>
<kw name="Verify Logout Success">
<kw name="Wait Until Element Is Visible" owner="SeleniumLibrary">
<arg>${LOGIN_BTN}</arg>
<arg>5s</arg>
<doc>Waits until the element ``locator`` is visible.</doc>
<status status="PASS" start="2025-10-22T23:05:34.672565" elapsed="0.008961"/>
</kw>
<kw name="Element Should Be Visible" owner="SeleniumLibrary">
<msg time="2025-10-22T23:05:34.694110" level="INFO">Element 'id:signin2' is displayed.</msg>
<arg>${SIGNUP_BTN}</arg>
<doc>Verifies that the element identified by ``locator`` is visible.</doc>
<status status="PASS" start="2025-10-22T23:05:34.681641" elapsed="0.012536"/>
</kw>
<kw name="Element Should Be Visible" owner="SeleniumLibrary">
<msg time="2025-10-22T23:05:34.700596" level="INFO">Element 'id:login2' is displayed.</msg>
<arg>${LOGIN_BTN}</arg>
<doc>Verifies that the element identified by ``locator`` is visible.</doc>
<status status="PASS" start="2025-10-22T23:05:34.694287" elapsed="0.006364"/>
</kw>
<status status="PASS" start="2025-10-22T23:05:34.671638" elapsed="0.029067"/>
</kw>
<kw name="Close Browser" owner="SeleniumLibrary" type="TEARDOWN">
<doc>Closes the current browser.</doc>
<status status="PASS" start="2025-10-22T23:05:34.700934" elapsed="2.071292"/>
</kw>
<doc>Verify that logged in user can successfully logout</doc>
<tag>logout</tag>
<tag>positive</tag>
<status status="PASS" start="2025-10-22T23:05:28.834857" elapsed="7.937696"/>
</test>
<doc>User Authentication Test Cases for DemoBlaze Website</doc>
<status status="PASS" start="2025-10-22T23:05:10.043699" elapsed="26.729750"/>
</suite>
<statistics>
<total>
<stat pass="4" fail="0" skip="0">All Tests</stat>
</total>
<tag>
<stat pass="1" fail="0" skip="0">login</stat>
<stat pass="1" fail="0" skip="0">logout</stat>
<stat pass="1" fail="0" skip="0">negative</stat>
<stat pass="3" fail="0" skip="0">positive</stat>
<stat pass="2" fail="0" skip="0">signup</stat>
</tag>
<suite>
<stat name="User Authentication" id="s1" pass="4" fail="0" skip="0">User Authentication</stat>
</suite>
</statistics>
<errors>
</errors>
</robot>
