<?xml version="1.0" encoding="UTF-8"?>
<robot generator="Robot 7.3.2 (Python 3.14.0 on win32)" generated="2025-10-23T02:05:23.623304" rpa="false" schemaversion="5">
<suite id="s1" name="User Authentication" source="D:\projects\testing-assignment-2\test_cases\user_authentication.robot">
<kw name="Generate Random Username" owner="common_keywords" type="SETUP">
<kw name="Get Time" owner="BuiltIn">
<msg time="2025-10-23T02:05:23.788887" level="INFO">${timestamp} = 1761167123</msg>
<var>${timestamp}</var>
<arg>epoch</arg>
<doc>Returns the given time in the requested format.</doc>
<status status="PASS" start="2025-10-23T02:05:23.788627" elapsed="0.000302"/>
</kw>
<kw name="Set Variable" owner="BuiltIn">
<msg time="2025-10-23T02:05:23.789456" level="INFO">${random_user} = user1761167123</msg>
<var>${random_user}</var>
<arg>user${timestamp}</arg>
<doc>Returns the given values which can then be assigned to a variables.</doc>
<status status="PASS" start="2025-10-23T02:05:23.789289" elapsed="0.000193"/>
</kw>
<kw name="Set Suite Variable" owner="BuiltIn">
<msg time="2025-10-23T02:05:23.790159" level="INFO">${SHARED_USERNAME} = user1761167123</msg>
<arg>${SHARED_USERNAME}</arg>
<arg>${random_user}</arg>
<doc>Makes a variable available everywhere within the scope of the current suite.</doc>
<status status="PASS" start="2025-10-23T02:05:23.789578" elapsed="0.000614"/>
</kw>
<status status="PASS" start="2025-10-23T02:05:23.787904" elapsed="0.002341"/>
</kw>
<test id="s1-t1" name="TC01 - Successful Sign Up With New User" line="11">
<kw name="Open DemoBlaze Website" owner="base_keywords" type="SETUP">
<kw name="Open Browser" owner="SeleniumLibrary">
<msg time="2025-10-23T02:05:23.791300" level="INFO">Opening browser 'Chrome' to base url 'https://www.demoblaze.com/'.</msg>
<arg>${URL}</arg>
<arg>${BROWSER}</arg>
<doc>Opens a new browser instance to the optional ``url``.</doc>
<status status="PASS" start="2025-10-23T02:05:23.791065" elapsed="2.420353"/>
</kw>
<kw name="Maximize Browser Window" owner="SeleniumLibrary">
<doc>Maximizes current browser window.</doc>
<status status="PASS" start="2025-10-23T02:05:26.211573" elapsed="0.021496"/>
</kw>
<kw name="Wait Until Element Is Visible" owner="SeleniumLibrary">
<arg>${LOGIN_BTN}</arg>
<arg>10s</arg>
<doc>Waits until the element ``locator`` is visible.</doc>
<status status="PASS" start="2025-10-23T02:05:26.233216" elapsed="0.013812"/>
</kw>
<status status="PASS" start="2025-10-23T02:05:23.790782" elapsed="2.456379"/>
</kw>
<kw name="Click Sign Up Button" owner="base_keywords">
<kw name="Wait Until Element Is Visible" owner="SeleniumLibrary">
<arg>${SIGNUP_BTN}</arg>
<arg>1s</arg>
<doc>Waits until the element ``locator`` is visible.</doc>
<status status="PASS" start="2025-10-23T02:05:26.247725" elapsed="0.009696"/>
</kw>
<kw name="Click Element" owner="SeleniumLibrary">
<msg time="2025-10-23T02:05:26.257728" level="INFO">Clicking element 'id:signin2'.</msg>
<arg>${SIGNUP_BTN}</arg>
<doc>Click the element identified by ``locator``.</doc>
<status status="PASS" start="2025-10-23T02:05:26.257562" elapsed="0.039512"/>
</kw>
<kw name="Wait Until Element Is Visible" owner="SeleniumLibrary">
<arg>${SIGNUP_USERNAME}</arg>
<arg>1s</arg>
<doc>Waits until the element ``locator`` is visible.</doc>
<status status="PASS" start="2025-10-23T02:05:26.297266" elapsed="0.217704"/>
</kw>
<status status="PASS" start="2025-10-23T02:05:26.247485" elapsed="0.267570"/>
</kw>
<kw name="Enter Sign Up Credentials" owner="base_keywords">
<kw name="Wait Until Element Is Visible" owner="SeleniumLibrary">
<arg>${SIGNUP_USERNAME}</arg>
<arg>1s</arg>
<doc>Waits until the element ``locator`` is visible.</doc>
<status status="PASS" start="2025-10-23T02:05:26.515572" elapsed="0.007819"/>
</kw>
<kw name="Input Text" owner="SeleniumLibrary">
<msg time="2025-10-23T02:05:26.523868" level="INFO">Typing text 'user1761167123' into text field 'id:sign-username'.</msg>
<arg>${SIGNUP_USERNAME}</arg>
<arg>${username}</arg>
<doc>Types the given ``text`` into the text field identified by ``locator``.</doc>
<status status="PASS" start="2025-10-23T02:05:26.523592" elapsed="0.084254"/>
</kw>
<kw name="Input Text" owner="SeleniumLibrary">
<msg time="2025-10-23T02:05:26.608667" level="INFO">Typing text 'TestPass123' into text field 'id:sign-password'.</msg>
<arg>${SIGNUP_PASSWORD}</arg>
<arg>${password}</arg>
<doc>Types the given ``text`` into the text field identified by ``locator``.</doc>
<status status="PASS" start="2025-10-23T02:05:26.608296" elapsed="0.050459"/>
</kw>
<arg>${SHARED_USERNAME}</arg>
<arg>TestPass123</arg>
<status status="PASS" start="2025-10-23T02:05:26.515323" elapsed="0.143520"/>
</kw>
<kw name="Submit Sign Up Form" owner="base_keywords">
<kw name="Click Element" owner="SeleniumLibrary">
<msg time="2025-10-23T02:05:26.659464" level="INFO">Clicking element 'xpath://button[contains(text(),'Sign up')]'.</msg>
<arg>${SIGNUP_SUBMIT}</arg>
<doc>Click the element identified by ``locator``.</doc>
<status status="PASS" start="2025-10-23T02:05:26.659317" elapsed="0.039096"/>
</kw>
<kw name="Sleep" owner="BuiltIn">
<msg time="2025-10-23T02:05:27.699369" level="INFO">Slept 1 second.</msg>
<arg>1s</arg>
<doc>Pauses the test executed for the given time.</doc>
<status status="PASS" start="2025-10-23T02:05:26.698547" elapsed="1.001196"/>
</kw>
<status status="PASS" start="2025-10-23T02:05:26.659103" elapsed="1.040934"/>
</kw>
<kw name="Verify Sign Up Success" owner="base_keywords">
<kw name="Verify Alert Message" owner="base_keywords">
<kw name="Alert Should Be Present" owner="SeleniumLibrary">
<msg time="2025-10-23T02:05:27.703397" level="INFO">HANDLE::&lt;class 'datetime.timedelta'&gt;::0:00:01</msg>
<arg>${expected_message}</arg>
<arg>timeout=1s</arg>
<doc>Verifies that an alert is present and by default, accepts it.</doc>
<status status="PASS" start="2025-10-23T02:05:27.702720" elapsed="0.007273"/>
</kw>
<arg>Sign up successful.</arg>
<status status="PASS" start="2025-10-23T02:05:27.701934" elapsed="0.008207"/>
</kw>
<status status="PASS" start="2025-10-23T02:05:27.700976" elapsed="0.009248"/>
</kw>
<kw name="Close Browser" owner="SeleniumLibrary" type="TEARDOWN">
<doc>Closes the current browser.</doc>
<status status="PASS" start="2025-10-23T02:05:27.710623" elapsed="2.086844"/>
</kw>
<doc>Verify that a new user can successfully sign up</doc>
<tag>positive</tag>
<tag>signup</tag>
<status status="PASS" start="2025-10-23T02:05:23.790294" elapsed="6.007938"/>
</test>
<test id="s1-t2" name="TC02 - Sign Up With Existing Username" line="19">
<kw name="Open DemoBlaze Website" owner="base_keywords" type="SETUP">
<kw name="Open Browser" owner="SeleniumLibrary">
<msg time="2025-10-23T02:05:29.801089" level="INFO">Opening browser 'Chrome' to base url 'https://www.demoblaze.com/'.</msg>
<arg>${URL}</arg>
<arg>${BROWSER}</arg>
<doc>Opens a new browser instance to the optional ``url``.</doc>
<status status="PASS" start="2025-10-23T02:05:29.800742" elapsed="2.543383"/>
</kw>
<kw name="Maximize Browser Window" owner="SeleniumLibrary">
<doc>Maximizes current browser window.</doc>
<status status="PASS" start="2025-10-23T02:05:32.344312" elapsed="0.020684"/>
</kw>
<kw name="Wait Until Element Is Visible" owner="SeleniumLibrary">
<arg>${LOGIN_BTN}</arg>
<arg>10s</arg>
<doc>Waits until the element ``locator`` is visible.</doc>
<status status="PASS" start="2025-10-23T02:05:32.365137" elapsed="0.012737"/>
</kw>
<status status="PASS" start="2025-10-23T02:05:29.800256" elapsed="2.577705"/>
</kw>
<kw name="Click Sign Up Button" owner="base_keywords">
<kw name="Wait Until Element Is Visible" owner="SeleniumLibrary">
<arg>${SIGNUP_BTN}</arg>
<arg>1s</arg>
<doc>Waits until the element ``locator`` is visible.</doc>
<status status="PASS" start="2025-10-23T02:05:32.378451" elapsed="0.010550"/>
</kw>
<kw name="Click Element" owner="SeleniumLibrary">
<msg time="2025-10-23T02:05:32.389305" level="INFO">Clicking element 'id:signin2'.</msg>
<arg>${SIGNUP_BTN}</arg>
<doc>Click the element identified by ``locator``.</doc>
<status status="PASS" start="2025-10-23T02:05:32.389135" elapsed="0.042260"/>
</kw>
<kw name="Wait Until Element Is Visible" owner="SeleniumLibrary">
<arg>${SIGNUP_USERNAME}</arg>
<arg>1s</arg>
<doc>Waits until the element ``locator`` is visible.</doc>
<status status="PASS" start="2025-10-23T02:05:32.431714" elapsed="0.218131"/>
</kw>
<status status="PASS" start="2025-10-23T02:05:32.378238" elapsed="0.271689"/>
</kw>
<kw name="Enter Sign Up Credentials" owner="base_keywords">
<kw name="Wait Until Element Is Visible" owner="SeleniumLibrary">
<arg>${SIGNUP_USERNAME}</arg>
<arg>1s</arg>
<doc>Waits until the element ``locator`` is visible.</doc>
<status status="PASS" start="2025-10-23T02:05:32.650361" elapsed="0.007623"/>
</kw>
<kw name="Input Text" owner="SeleniumLibrary">
<msg time="2025-10-23T02:05:32.658291" level="INFO">Typing text 'user1761167123' into text field 'id:sign-username'.</msg>
<arg>${SIGNUP_USERNAME}</arg>
<arg>${username}</arg>
<doc>Types the given ``text`` into the text field identified by ``locator``.</doc>
<status status="PASS" start="2025-10-23T02:05:32.658114" elapsed="0.070900"/>
</kw>
<kw name="Input Text" owner="SeleniumLibrary">
<msg time="2025-10-23T02:05:32.729397" level="INFO">Typing text 'TestPass123' into text field 'id:sign-password'.</msg>
<arg>${SIGNUP_PASSWORD}</arg>
<arg>${password}</arg>
<doc>Types the given ``text`` into the text field identified by ``locator``.</doc>
<status status="PASS" start="2025-10-23T02:05:32.729174" elapsed="0.046842"/>
</kw>
<arg>${SHARED_USERNAME}</arg>
<arg>TestPass123</arg>
<status status="PASS" start="2025-10-23T02:05:32.650142" elapsed="0.125959"/>
</kw>
<kw name="Submit Sign Up Form" owner="base_keywords">
<kw name="Click Element" owner="SeleniumLibrary">
<msg time="2025-10-23T02:05:32.776651" level="INFO">Clicking element 'xpath://button[contains(text(),'Sign up')]'.</msg>
<arg>${SIGNUP_SUBMIT}</arg>
<doc>Click the element identified by ``locator``.</doc>
<status status="PASS" start="2025-10-23T02:05:32.776513" elapsed="0.035412"/>
</kw>
<kw name="Sleep" owner="BuiltIn">
<msg time="2025-10-23T02:05:33.813001" level="INFO">Slept 1 second.</msg>
<arg>1s</arg>
<doc>Pauses the test executed for the given time.</doc>
<status status="PASS" start="2025-10-23T02:05:32.812052" elapsed="1.001244"/>
</kw>
<status status="PASS" start="2025-10-23T02:05:32.776325" elapsed="1.037251"/>
</kw>
<kw name="Verify Sign Up Error Message" owner="base_keywords">
<kw name="Verify Alert Message" owner="base_keywords">
<kw name="Alert Should Be Present" owner="SeleniumLibrary">
<msg time="2025-10-23T02:05:33.816878" level="INFO">HANDLE::&lt;class 'datetime.timedelta'&gt;::0:00:01</msg>
<arg>${expected_message}</arg>
<arg>timeout=1s</arg>
<doc>Verifies that an alert is present and by default, accepts it.</doc>
<status status="PASS" start="2025-10-23T02:05:33.816253" elapsed="0.006278"/>
</kw>
<arg>This user already exist.</arg>
<status status="PASS" start="2025-10-23T02:05:33.815517" elapsed="0.007144"/>
</kw>
<status status="PASS" start="2025-10-23T02:05:33.814666" elapsed="0.008054"/>
</kw>
<kw name="Close Browser" owner="SeleniumLibrary" type="TEARDOWN">
<doc>Closes the current browser.</doc>
<status status="PASS" start="2025-10-23T02:05:33.823221" elapsed="2.082691"/>
</kw>
<doc>Verify that signing up with existing username shows error</doc>
<tag>negative</tag>
<tag>signup</tag>
<status status="PASS" start="2025-10-23T02:05:29.799390" elapsed="6.107289"/>
</test>
<test id="s1-t3" name="TC03 - Successful Login With Valid Credentials" line="27">
<kw name="Open DemoBlaze Website" owner="base_keywords" type="SETUP">
<kw name="Open Browser" owner="SeleniumLibrary">
<msg time="2025-10-23T02:05:35.910248" level="INFO">Opening browser 'Chrome' to base url 'https://www.demoblaze.com/'.</msg>
<arg>${URL}</arg>
<arg>${BROWSER}</arg>
<doc>Opens a new browser instance to the optional ``url``.</doc>
<status status="PASS" start="2025-10-23T02:05:35.910118" elapsed="2.468222"/>
</kw>
<kw name="Maximize Browser Window" owner="SeleniumLibrary">
<doc>Maximizes current browser window.</doc>
<status status="PASS" start="2025-10-23T02:05:38.378488" elapsed="0.021197"/>
</kw>
<kw name="Wait Until Element Is Visible" owner="SeleniumLibrary">
<arg>${LOGIN_BTN}</arg>
<arg>10s</arg>
<doc>Waits until the element ``locator`` is visible.</doc>
<status status="PASS" start="2025-10-23T02:05:38.399822" elapsed="0.012974"/>
</kw>
<status status="PASS" start="2025-10-23T02:05:35.909935" elapsed="2.502952"/>
</kw>
<kw name="Click Login Button" owner="base_keywords">
<kw name="Wait Until Element Is Visible" owner="SeleniumLibrary">
<arg>${LOGIN_BTN}</arg>
<arg>1s</arg>
<doc>Waits until the element ``locator`` is visible.</doc>
<status status="PASS" start="2025-10-23T02:05:38.413430" elapsed="0.007725"/>
</kw>
<kw name="Click Element" owner="SeleniumLibrary">
<msg time="2025-10-23T02:05:38.421463" level="INFO">Clicking element 'id:login2'.</msg>
<arg>${LOGIN_BTN}</arg>
<doc>Click the element identified by ``locator``.</doc>
<status status="PASS" start="2025-10-23T02:05:38.421289" elapsed="0.044371"/>
</kw>
<kw name="Wait Until Element Is Visible" owner="SeleniumLibrary">
<arg>${LOGIN_USERNAME}</arg>
<arg>1s</arg>
<doc>Waits until the element ``locator`` is visible.</doc>
<status status="PASS" start="2025-10-23T02:05:38.465792" elapsed="0.218369"/>
</kw>
<status status="PASS" start="2025-10-23T02:05:38.413194" elapsed="0.271049"/>
</kw>
<kw name="Enter Login Credentials" owner="base_keywords">
<kw name="Wait Until Element Is Visible" owner="SeleniumLibrary">
<arg>${LOGIN_USERNAME}</arg>
<arg>1s</arg>
<doc>Waits until the element ``locator`` is visible.</doc>
<status status="PASS" start="2025-10-23T02:05:38.684683" elapsed="0.007082"/>
</kw>
<kw name="Input Text" owner="SeleniumLibrary">
<msg time="2025-10-23T02:05:38.692085" level="INFO">Typing text 'user1761167123' into text field 'id:loginusername'.</msg>
<arg>${LOGIN_USERNAME}</arg>
<arg>${username}</arg>
<doc>Types the given ``text`` into the text field identified by ``locator``.</doc>
<status status="PASS" start="2025-10-23T02:05:38.691903" elapsed="0.059290"/>
</kw>
<kw name="Input Text" owner="SeleniumLibrary">
<msg time="2025-10-23T02:05:38.751664" level="INFO">Typing text 'TestPass123' into text field 'id:loginpassword'.</msg>
<arg>${LOGIN_PASSWORD}</arg>
<arg>${password}</arg>
<doc>Types the given ``text`` into the text field identified by ``locator``.</doc>
<status status="PASS" start="2025-10-23T02:05:38.751389" elapsed="0.051345"/>
</kw>
<arg>${SHARED_USERNAME}</arg>
<arg>TestPass123</arg>
<status status="PASS" start="2025-10-23T02:05:38.684462" elapsed="0.118358"/>
</kw>
<kw name="Submit Login Form" owner="base_keywords">
<kw name="Click Element" owner="SeleniumLibrary">
<msg time="2025-10-23T02:05:38.803428" level="INFO">Clicking element 'xpath://button[contains(text(),'Log in')]'.</msg>
<arg>${LOGIN_SUBMIT}</arg>
<doc>Click the element identified by ``locator``.</doc>
<status status="PASS" start="2025-10-23T02:05:38.803284" elapsed="0.037936"/>
</kw>
<kw name="Sleep" owner="BuiltIn">
<msg time="2025-10-23T02:05:39.841675" level="INFO">Slept 1 second.</msg>
<arg>1s</arg>
<doc>Pauses the test executed for the given time.</doc>
<status status="PASS" start="2025-10-23T02:05:38.841387" elapsed="1.000520"/>
</kw>
<status status="PASS" start="2025-10-23T02:05:38.803076" elapsed="1.039031"/>
</kw>
<kw name="Verify Login Success" owner="base_keywords">
<kw name="Wait Until Element Is Visible" owner="SeleniumLibrary">
<arg>${WELCOME_USER}</arg>
<arg>5s</arg>
<doc>Waits until the element ``locator`` is visible.</doc>
<status status="PASS" start="2025-10-23T02:05:39.844043" elapsed="0.449502"/>
</kw>
<kw name="Get Text" owner="SeleniumLibrary">
<msg time="2025-10-23T02:05:40.303215" level="INFO">${welcome_text} = Welcome user1761167123</msg>
<var>${welcome_text}</var>
<arg>${WELCOME_USER}</arg>
<doc>Returns the text value of the element identified by ``locator``.</doc>
<status status="PASS" start="2025-10-23T02:05:40.293720" elapsed="0.009527"/>
</kw>
<kw name="Should Contain" owner="BuiltIn">
<arg>${welcome_text}</arg>
<arg>Welcome ${username}</arg>
<doc>Fails if ``container`` does not contain ``item`` one or more times.</doc>
<status status="PASS" start="2025-10-23T02:05:40.303348" elapsed="0.000146"/>
</kw>
<arg>${SHARED_USERNAME}</arg>
<status status="PASS" start="2025-10-23T02:05:39.842975" elapsed="0.460570"/>
</kw>
<kw name="Close Browser" owner="SeleniumLibrary" type="TEARDOWN">
<doc>Closes the current browser.</doc>
<status status="PASS" start="2025-10-23T02:05:40.303785" elapsed="2.075594"/>
</kw>
<doc>Verify that user can login with valid credentials</doc>
<tag>login</tag>
<tag>positive</tag>
<status status="PASS" start="2025-10-23T02:05:35.908532" elapsed="6.471352"/>
</test>
<test id="s1-t4" name="TC04 - Successful Logout" line="35">
<kw name="Open DemoBlaze Website" owner="base_keywords" type="SETUP">
<kw name="Open Browser" owner="SeleniumLibrary">
<msg time="2025-10-23T02:05:42.382250" level="INFO">Opening browser 'Chrome' to base url 'https://www.demoblaze.com/'.</msg>
<arg>${URL}</arg>
<arg>${BROWSER}</arg>
<doc>Opens a new browser instance to the optional ``url``.</doc>
<status status="PASS" start="2025-10-23T02:05:42.382018" elapsed="2.421497"/>
</kw>
<kw name="Maximize Browser Window" owner="SeleniumLibrary">
<doc>Maximizes current browser window.</doc>
<status status="PASS" start="2025-10-23T02:05:44.803654" elapsed="0.018999"/>
</kw>
<kw name="Wait Until Element Is Visible" owner="SeleniumLibrary">
<arg>${LOGIN_BTN}</arg>
<arg>10s</arg>
<doc>Waits until the element ``locator`` is visible.</doc>
<status status="PASS" start="2025-10-23T02:05:44.822781" elapsed="0.014066"/>
</kw>
<status status="PASS" start="2025-10-23T02:05:42.381712" elapsed="2.455232"/>
</kw>
<kw name="Perform Login" owner="base_keywords">
<kw name="Click Login Button" owner="base_keywords">
<kw name="Wait Until Element Is Visible" owner="SeleniumLibrary">
<arg>${LOGIN_BTN}</arg>
<arg>1s</arg>
<doc>Waits until the element ``locator`` is visible.</doc>
<status status="PASS" start="2025-10-23T02:05:44.837735" elapsed="0.007329"/>
</kw>
<kw name="Click Element" owner="SeleniumLibrary">
<msg time="2025-10-23T02:05:44.845361" level="INFO">Clicking element 'id:login2'.</msg>
<arg>${LOGIN_BTN}</arg>
<doc>Click the element identified by ``locator``.</doc>
<status status="PASS" start="2025-10-23T02:05:44.845188" elapsed="0.038239"/>
</kw>
<kw name="Wait Until Element Is Visible" owner="SeleniumLibrary">
<arg>${LOGIN_USERNAME}</arg>
<arg>1s</arg>
<doc>Waits until the element ``locator`` is visible.</doc>
<status status="PASS" start="2025-10-23T02:05:44.883556" elapsed="0.218925"/>
</kw>
<status status="PASS" start="2025-10-23T02:05:44.837597" elapsed="0.264971"/>
</kw>
<kw name="Enter Login Credentials" owner="base_keywords">
<kw name="Wait Until Element Is Visible" owner="SeleniumLibrary">
<arg>${LOGIN_USERNAME}</arg>
<arg>1s</arg>
<doc>Waits until the element ``locator`` is visible.</doc>
<status status="PASS" start="2025-10-23T02:05:45.102946" elapsed="0.007581"/>
</kw>
<kw name="Input Text" owner="SeleniumLibrary">
<msg time="2025-10-23T02:05:45.110836" level="INFO">Typing text 'user1761167123' into text field 'id:loginusername'.</msg>
<arg>${LOGIN_USERNAME}</arg>
<arg>${username}</arg>
<doc>Types the given ``text`` into the text field identified by ``locator``.</doc>
<status status="PASS" start="2025-10-23T02:05:45.110657" elapsed="0.061961"/>
</kw>
<kw name="Input Text" owner="SeleniumLibrary">
<msg time="2025-10-23T02:05:45.173031" level="INFO">Typing text 'TestPass123' into text field 'id:loginpassword'.</msg>
<arg>${LOGIN_PASSWORD}</arg>
<arg>${password}</arg>
<doc>Types the given ``text`` into the text field identified by ``locator``.</doc>
<status status="PASS" start="2025-10-23T02:05:45.172801" elapsed="0.050524"/>
</kw>
<arg>${username}</arg>
<arg>${password}</arg>
<status status="PASS" start="2025-10-23T02:05:45.102693" elapsed="0.120719"/>
</kw>
<kw name="Submit Login Form" owner="base_keywords">
<kw name="Click Element" owner="SeleniumLibrary">
<msg time="2025-10-23T02:05:45.223890" level="INFO">Clicking element 'xpath://button[contains(text(),'Log in')]'.</msg>
<arg>${LOGIN_SUBMIT}</arg>
<doc>Click the element identified by ``locator``.</doc>
<status status="PASS" start="2025-10-23T02:05:45.223746" elapsed="0.042687"/>
</kw>
<kw name="Sleep" owner="BuiltIn">
<msg time="2025-10-23T02:05:46.267170" level="INFO">Slept 1 second.</msg>
<arg>1s</arg>
<doc>Pauses the test executed for the given time.</doc>
<status status="PASS" start="2025-10-23T02:05:45.266586" elapsed="1.000665"/>
</kw>
<status status="PASS" start="2025-10-23T02:05:45.223535" elapsed="1.043780"/>
</kw>
<kw name="Verify Login Success" owner="base_keywords">
<kw name="Wait Until Element Is Visible" owner="SeleniumLibrary">
<arg>${WELCOME_USER}</arg>
<arg>5s</arg>
<doc>Waits until the element ``locator`` is visible.</doc>
<status status="PASS" start="2025-10-23T02:05:46.267623" elapsed="0.437590"/>
</kw>
<kw name="Get Text" owner="SeleniumLibrary">
<msg time="2025-10-23T02:05:46.715625" level="INFO">${welcome_text} = Welcome user1761167123</msg>
<var>${welcome_text}</var>
<arg>${WELCOME_USER}</arg>
<doc>Returns the text value of the element identified by ``locator``.</doc>
<status status="PASS" start="2025-10-23T02:05:46.705332" elapsed="0.010323"/>
</kw>
<kw name="Should Contain" owner="BuiltIn">
<arg>${welcome_text}</arg>
<arg>Welcome ${username}</arg>
<doc>Fails if ``container`` does not contain ``item`` one or more times.</doc>
<status status="PASS" start="2025-10-23T02:05:46.715761" elapsed="0.000121"/>
</kw>
<arg>${username}</arg>
<status status="PASS" start="2025-10-23T02:05:46.267431" elapsed="0.448497"/>
</kw>
<arg>${SHARED_USERNAME}</arg>
<arg>TestPass123</arg>
<status status="PASS" start="2025-10-23T02:05:44.837321" elapsed="1.878640"/>
</kw>
<kw name="Click Logout Button" owner="base_keywords">
<kw name="Wait Until Element Is Visible" owner="SeleniumLibrary">
<arg>${LOGOUT_BTN}</arg>
<arg>1s</arg>
<doc>Waits until the element ``locator`` is visible.</doc>
<status status="PASS" start="2025-10-23T02:05:46.716373" elapsed="0.010135"/>
</kw>
<kw name="Click Element" owner="SeleniumLibrary">
<msg time="2025-10-23T02:05:46.726778" level="INFO">Clicking element 'id:logout2'.</msg>
<arg>${LOGOUT_BTN}</arg>
<doc>Click the element identified by ``locator``.</doc>
<status status="PASS" start="2025-10-23T02:05:46.726627" elapsed="0.594249"/>
</kw>
<kw name="Sleep" owner="BuiltIn">
<msg time="2025-10-23T02:05:48.321569" level="INFO">Slept 1 second.</msg>
<arg>1s</arg>
<doc>Pauses the test executed for the given time.</doc>
<status status="PASS" start="2025-10-23T02:05:47.321044" elapsed="1.000830"/>
</kw>
<status status="PASS" start="2025-10-23T02:05:46.716196" elapsed="1.605954"/>
</kw>
<kw name="Verify Logout Success" owner="base_keywords">
<kw name="Wait Until Element Is Visible" owner="SeleniumLibrary">
<arg>${LOGIN_BTN}</arg>
<arg>5s</arg>
<doc>Waits until the element ``locator`` is visible.</doc>
<status status="PASS" start="2025-10-23T02:05:48.324074" elapsed="0.011234"/>
</kw>
<kw name="Element Should Be Visible" owner="SeleniumLibrary">
<msg time="2025-10-23T02:05:48.359529" level="INFO">Element 'id:signin2' is displayed.</msg>
<arg>${SIGNUP_BTN}</arg>
<doc>Verifies that the element identified by ``locator`` is visible.</doc>
<status status="PASS" start="2025-10-23T02:05:48.335404" elapsed="0.024210"/>
</kw>
<kw name="Element Should Be Visible" owner="SeleniumLibrary">
<msg time="2025-10-23T02:05:48.366294" level="INFO">Element 'id:login2' is displayed.</msg>
<arg>${LOGIN_BTN}</arg>
<doc>Verifies that the element identified by ``locator`` is visible.</doc>
<status status="PASS" start="2025-10-23T02:05:48.359754" elapsed="0.006589"/>
</kw>
<status status="PASS" start="2025-10-23T02:05:48.323288" elapsed="0.043107"/>
</kw>
<kw name="Close Browser" owner="SeleniumLibrary" type="TEARDOWN">
<doc>Closes the current browser.</doc>
<status status="PASS" start="2025-10-23T02:05:48.366638" elapsed="2.069280"/>
</kw>
<doc>Verify that logged in user can successfully logout</doc>
<tag>logout</tag>
<tag>positive</tag>
<status status="PASS" start="2025-10-23T02:05:42.381053" elapsed="8.055705"/>
</test>
<doc>User Authentication Test Cases for DemoBlaze Website</doc>
<status status="PASS" start="2025-10-23T02:05:23.624340" elapsed="26.815344"/>
</suite>
<statistics>
<total>
<stat pass="4" fail="0" skip="0">All Tests</stat>
</total>
<tag>
<stat pass="1" fail="0" skip="0">login</stat>
<stat pass="1" fail="0" skip="0">logout</stat>
<stat pass="1" fail="0" skip="0">negative</stat>
<stat pass="3" fail="0" skip="0">positive</stat>
<stat pass="2" fail="0" skip="0">signup</stat>
</tag>
<suite>
<stat name="User Authentication" id="s1" pass="4" fail="0" skip="0">User Authentication</stat>
</suite>
</statistics>
<errors>
</errors>
</robot>
